# JRE version: Java(TM) SE Runtime Environment (8.0_181-b13) (build 1.8.0_181-b13)
# Java VM: Java HotSpot(TM) 64-Bit Server VM (25.181-b13 mixed mode windows-amd64 compressed oops)
Heap:
 PSYoungGen      total 87552K, used 60536K [0x00000000eb700000, 0x00000000f2d80000, 0x0000000100000000)
  eden space 81920K, 67% used [0x00000000eb700000,0x00000000eec9fab8,0x00000000f0700000)
  from space 5632K, 99% used [0x00000000f0700000,0x00000000f0c7e698,0x00000000f0c80000)
  to   space 6656K, 0% used [0x00000000f2700000,0x00000000f2700000,0x00000000f2d80000)
 ParOldGen       total 30720K, used 7868K [0x00000000c2400000, 0x00000000c4200000, 0x00000000eb700000)
  object space 30720K, 25% used [0x00000000c2400000,0x00000000c2baf078,0x00000000c4200000)
 Metaspace       used 27386K, capacity 28622K, committed 28928K, reserved 1075200K
  class space    used 3739K, capacity 4033K, committed 4096K, reserved 1048576K
GC Heap History (10 events):
Event: 11.624 GC heap before
{Heap before GC invocations=9 (full 1):
 PSYoungGen      total 34304K, used 32172K [0x00000000eb700000, 0x00000000ef880000, 0x0000000100000000)
  eden space 28672K, 100% used [0x00000000eb700000,0x00000000ed300000,0x00000000ed300000)
  from space 5632K, 62% used [0x00000000ed300000,0x00000000ed66b040,0x00000000ed880000)
  to   space 5632K, 0% used [0x00000000ef300000,0x00000000ef300000,0x00000000ef880000)
 ParOldGen       total 25600K, used 5326K [0x00000000c2400000, 0x00000000c3d00000, 0x00000000eb700000)
  object space 25600K, 20% used [0x00000000c2400000,0x00000000c2933a50,0x00000000c3d00000)
 Metaspace       used 20033K, capacity 20664K, committed 20864K, reserved 1069056K
  class space    used 2684K, capacity 2879K, committed 2944K, reserved 1048576K
Event: 11.640 GC heap after
Heap after GC invocations=9 (full 1):
 PSYoungGen      total 60416K, used 4660K [0x00000000eb700000, 0x00000000ef800000, 0x0000000100000000)
  eden space 55296K, 0% used [0x00000000eb700000,0x00000000eb700000,0x00000000eed00000)
  from space 5120K, 91% used [0x00000000ef300000,0x00000000ef78d360,0x00000000ef800000)
  to   space 5632K, 0% used [0x00000000eed00000,0x00000000eed00000,0x00000000ef280000)
 ParOldGen       total 25600K, used 5334K [0x00000000c2400000, 0x00000000c3d00000, 0x00000000eb700000)
  object space 25600K, 20% used [0x00000000c2400000,0x00000000c2935a50,0x00000000c3d00000)
 Metaspace       used 20033K, capacity 20664K, committed 20864K, reserved 1069056K
  class space    used 2684K, capacity 2879K, committed 2944K, reserved 1048576K
}
Event: 12.520 GC heap before
{Heap before GC invocations=10 (full 1):
 PSYoungGen      total 60416K, used 21008K [0x00000000eb700000, 0x00000000ef800000, 0x0000000100000000)
  eden space 55296K, 29% used [0x00000000eb700000,0x00000000ec6f6fe0,0x00000000eed00000)
  from space 5120K, 91% used [0x00000000ef300000,0x00000000ef78d360,0x00000000ef800000)
  to   space 5632K, 0% used [0x00000000eed00000,0x00000000eed00000,0x00000000ef280000)
 ParOldGen       total 25600K, used 5334K [0x00000000c2400000, 0x00000000c3d00000, 0x00000000eb700000)
  object space 25600K, 20% used [0x00000000c2400000,0x00000000c2935a50,0x00000000c3d00000)
 Metaspace       used 21549K, capacity 22164K, committed 22188K, reserved 1069056K
  class space    used 2881K, capacity 3069K, committed 3072K, reserved 1048576K
Event: 12.544 GC heap after
Heap after GC invocations=10 (full 1):
 PSYoungGen      total 60928K, used 2927K [0x00000000eb700000, 0x00000000f1580000, 0x0000000100000000)
  eden space 55296K, 0% used [0x00000000eb700000,0x00000000eb700000,0x00000000eed00000)
  from space 5632K, 51% used [0x00000000eed00000,0x00000000eefdbf18,0x00000000ef280000)
  to   space 5632K, 0% used [0x00000000f1000000,0x00000000f1000000,0x00000000f1580000)
 ParOldGen       total 25600K, used 6230K [0x00000000c2400000, 0x00000000c3d00000, 0x00000000eb700000)
  object space 25600K, 24% used [0x00000000c2400000,0x00000000c2a15a80,0x00000000c3d00000)
 Metaspace       used 21549K, capacity 22164K, committed 22188K, reserved 1069056K
  class space    used 2881K, capacity 3069K, committed 3072K, reserved 1048576K
}
Event: 12.544 GC heap before
{Heap before GC invocations=11 (full 2):
 PSYoungGen      total 60928K, used 2927K [0x00000000eb700000, 0x00000000f1580000, 0x0000000100000000)
  eden space 55296K, 0% used [0x00000000eb700000,0x00000000eb700000,0x00000000eed00000)
  from space 5632K, 51% used [0x00000000eed00000,0x00000000eefdbf18,0x00000000ef280000)
  to   space 5632K, 0% used [0x00000000f1000000,0x00000000f1000000,0x00000000f1580000)
 ParOldGen       total 25600K, used 6230K [0x00000000c2400000, 0x00000000c3d00000, 0x00000000eb700000)
  object space 25600K, 24% used [0x00000000c2400000,0x00000000c2a15a80,0x00000000c3d00000)
 Metaspace       used 21549K, capacity 22164K, committed 22188K, reserved 1069056K
  class space    used 2881K, capacity 3069K, committed 3072K, reserved 1048576K
Event: 12.743 GC heap after
Heap after GC invocations=11 (full 2):
 PSYoungGen      total 60928K, used 0K [0x00000000eb700000, 0x00000000f1580000, 0x0000000100000000)
  eden space 55296K, 0% used [0x00000000eb700000,0x00000000eb700000,0x00000000eed00000)
  from space 5632K, 0% used [0x00000000eed00000,0x00000000eed00000,0x00000000ef280000)
  to   space 5632K, 0% used [0x00000000f1000000,0x00000000f1000000,0x00000000f1580000)
 ParOldGen       total 30720K, used 6666K [0x00000000c2400000, 0x00000000c4200000, 0x00000000eb700000)
  object space 30720K, 21% used [0x00000000c2400000,0x00000000c2a82a50,0x00000000c4200000)
 Metaspace       used 21549K, capacity 22164K, committed 22188K, reserved 1069056K
  class space    used 2881K, capacity 3069K, committed 3072K, reserved 1048576K
}
Event: 14.613 GC heap before
{Heap before GC invocations=12 (full 2):
 PSYoungGen      total 60928K, used 55296K [0x00000000eb700000, 0x00000000f1580000, 0x0000000100000000)
  eden space 55296K, 100% used [0x00000000eb700000,0x00000000eed00000,0x00000000eed00000)
  from space 5632K, 0% used [0x00000000eed00000,0x00000000eed00000,0x00000000ef280000)
  to   space 5632K, 0% used [0x00000000f1000000,0x00000000f1000000,0x00000000f1580000)
 ParOldGen       total 30720K, used 6666K [0x00000000c2400000, 0x00000000c4200000, 0x00000000eb700000)
  object space 30720K, 21% used [0x00000000c2400000,0x00000000c2a82a50,0x00000000c4200000)
 Metaspace       used 22617K, capacity 23378K, committed 23552K, reserved 1071104K
  class space    used 3014K, capacity 3208K, committed 3328K, reserved 1048576K
Event: 14.647 GC heap after
Heap after GC invocations=12 (full 2):
 PSYoungGen      total 80384K, used 1936K [0x00000000eb700000, 0x00000000f1200000, 0x0000000100000000)
  eden space 78336K, 0% used [0x00000000eb700000,0x00000000eb700000,0x00000000f0380000)
  from space 2048K, 94% used [0x00000000f1000000,0x00000000f11e42c8,0x00000000f1200000)
  to   space 5632K, 0% used [0x00000000f0700000,0x00000000f0700000,0x00000000f0c80000)
 ParOldGen       total 30720K, used 6674K [0x00000000c2400000, 0x00000000c4200000, 0x00000000eb700000)
  object space 30720K, 21% used [0x00000000c2400000,0x00000000c2a84a50,0x00000000c4200000)
 Metaspace       used 22617K, capacity 23378K, committed 23552K, reserved 1071104K
  class space    used 3014K, capacity 3208K, committed 3328K, reserved 1048576K
}
Event: 18.191 GC heap before
{Heap before GC invocations=13 (full 2):
 PSYoungGen      total 80384K, used 80272K [0x00000000eb700000, 0x00000000f1200000, 0x0000000100000000)
  eden space 78336K, 100% used [0x00000000eb700000,0x00000000f0380000,0x00000000f0380000)
  from space 2048K, 94% used [0x00000000f1000000,0x00000000f11e42c8,0x00000000f1200000)
  to   space 5632K, 0% used [0x00000000f0700000,0x00000000f0700000,0x00000000f0c80000)
 ParOldGen       total 30720K, used 6674K [0x00000000c2400000, 0x00000000c4200000, 0x00000000eb700000)
  object space 30720K, 21% used [0x00000000c2400000,0x00000000c2a84a50,0x00000000c4200000)
 Metaspace       used 24962K, capacity 26138K, committed 26240K, reserved 1073152K
  class space    used 3396K, capacity 3681K, committed 3712K, reserved 1048576K
Event: 18.207 GC heap after
Heap after GC invocations=13 (full 2):
 PSYoungGen      total 87552K, used 5625K [0x00000000eb700000, 0x00000000f2d80000, 0x0000000100000000)
  eden space 81920K, 0% used [0x00000000eb700000,0x00000000eb700000,0x00000000f0700000)
  from space 5632K, 99% used [0x00000000f0700000,0x00000000f0c7e698,0x00000000f0c80000)
  to   space 6656K, 0% used [0x00000000f2700000,0x00000000f2700000,0x00000000f2d80000)
 ParOldGen       total 30720K, used 7868K [0x00000000c2400000, 0x00000000c4200000, 0x00000000eb700000)
  object space 30720K, 25% used [0x00000000c2400000,0x00000000c2baf078,0x00000000c4200000)
 Metaspace       used 24962K, capacity 26138K, committed 26240K, reserved 1073152K
  class space    used 3396K, capacity 3681K, committed 3712K, reserved 1048576K
}

