# JRE version: Java(TM) SE Runtime Environment (8.0_181-b13) (build 1.8.0_181-b13)
# Java VM: Java HotSpot(TM) 64-Bit Server VM (25.181-b13 mixed mode windows-amd64 compressed oops)
Heap:
 PSYoungGen      total 154624K, used 134442K [0x00000000eb700000, 0x00000000f7880000, 0x0000000100000000)
  eden space 137728K, 97% used [0x00000000eb700000,0x00000000f3a4a998,0x00000000f3d80000)
  from space 16896K, 0% used [0x00000000f3d80000,0x00000000f3d80000,0x00000000f4e00000)
  to   space 16384K, 0% used [0x00000000f6880000,0x00000000f6880000,0x00000000f7880000)
 ParOldGen       total 83456K, used 23436K [0x00000000c2400000, 0x00000000c7580000, 0x00000000eb700000)
  object space 83456K, 28% used [0x00000000c2400000,0x00000000c3ae33b0,0x00000000c7580000)
 Metaspace       used 62916K, capacity 65850K, committed 65920K, reserved 1105920K
  class space    used 8784K, capacity 9281K, committed 9344K, reserved 1048576K
GC Heap History (10 events):
Event: 13.672 GC heap before
{Heap before GC invocations=12 (full 2):
 PSYoungGen      total 128000K, used 9200K [0x00000000eb700000, 0x00000000f6c80000, 0x0000000100000000)
  eden space 118784K, 0% used [0x00000000eb700000,0x00000000eb700000,0x00000000f2b00000)
  from space 9216K, 99% used [0x00000000f3680000,0x00000000f3f7c078,0x00000000f3f80000)
  to   space 11776K, 0% used [0x00000000f2b00000,0x00000000f2b00000,0x00000000f3680000)
 ParOldGen       total 35328K, used 12775K [0x00000000c2400000, 0x00000000c4680000, 0x00000000eb700000)
  object space 35328K, 36% used [0x00000000c2400000,0x00000000c3079c10,0x00000000c4680000)
 Metaspace       used 33632K, capacity 35288K, committed 35416K, reserved 1079296K
  class space    used 4457K, capacity 4798K, committed 4864K, reserved 1048576K
Event: 14.107 GC heap after
Heap after GC invocations=12 (full 2):
 PSYoungGen      total 128000K, used 0K [0x00000000eb700000, 0x00000000f6c80000, 0x0000000100000000)
  eden space 118784K, 0% used [0x00000000eb700000,0x00000000eb700000,0x00000000f2b00000)
  from space 9216K, 0% used [0x00000000f3680000,0x00000000f3680000,0x00000000f3f80000)
  to   space 11776K, 0% used [0x00000000f2b00000,0x00000000f2b00000,0x00000000f3680000)
 ParOldGen       total 58880K, used 17015K [0x00000000c2400000, 0x00000000c5d80000, 0x00000000eb700000)
  object space 58880K, 28% used [0x00000000c2400000,0x00000000c349dda0,0x00000000c5d80000)
 Metaspace       used 33632K, capacity 35288K, committed 35416K, reserved 1079296K
  class space    used 4457K, capacity 4798K, committed 4864K, reserved 1048576K
}
Event: 18.542 GC heap before
{Heap before GC invocations=13 (full 2):
 PSYoungGen      total 128000K, used 118784K [0x00000000eb700000, 0x00000000f6c80000, 0x0000000100000000)
  eden space 118784K, 100% used [0x00000000eb700000,0x00000000f2b00000,0x00000000f2b00000)
  from space 9216K, 0% used [0x00000000f3680000,0x00000000f3680000,0x00000000f3f80000)
  to   space 11776K, 0% used [0x00000000f2b00000,0x00000000f2b00000,0x00000000f3680000)
 ParOldGen       total 58880K, used 17015K [0x00000000c2400000, 0x00000000c5d80000, 0x00000000eb700000)
  object space 58880K, 28% used [0x00000000c2400000,0x00000000c349dda0,0x00000000c5d80000)
 Metaspace       used 41810K, capacity 43728K, committed 44032K, reserved 1087488K
  class space    used 5467K, capacity 5818K, committed 5888K, reserved 1048576K
Event: 18.562 GC heap after
Heap after GC invocations=13 (full 2):
 PSYoungGen      total 130560K, used 10307K [0x00000000eb700000, 0x00000000f5a80000, 0x0000000100000000)
  eden space 118784K, 0% used [0x00000000eb700000,0x00000000eb700000,0x00000000f2b00000)
  from space 11776K, 87% used [0x00000000f2b00000,0x00000000f3510de0,0x00000000f3680000)
  to   space 12800K, 0% used [0x00000000f4e00000,0x00000000f4e00000,0x00000000f5a80000)
 ParOldGen       total 58880K, used 17023K [0x00000000c2400000, 0x00000000c5d80000, 0x00000000eb700000)
  object space 58880K, 28% used [0x00000000c2400000,0x00000000c349fda0,0x00000000c5d80000)
 Metaspace       used 41810K, capacity 43728K, committed 44032K, reserved 1087488K
  class space    used 5467K, capacity 5818K, committed 5888K, reserved 1048576K
}
Event: 24.107 GC heap before
{Heap before GC invocations=14 (full 2):
 PSYoungGen      total 130560K, used 129091K [0x00000000eb700000, 0x00000000f5a80000, 0x0000000100000000)
  eden space 118784K, 100% used [0x00000000eb700000,0x00000000f2b00000,0x00000000f2b00000)
  from space 11776K, 87% used [0x00000000f2b00000,0x00000000f3510de0,0x00000000f3680000)
  to   space 12800K, 0% used [0x00000000f4e00000,0x00000000f4e00000,0x00000000f5a80000)
 ParOldGen       total 58880K, used 17023K [0x00000000c2400000, 0x00000000c5d80000, 0x00000000eb700000)
  object space 58880K, 28% used [0x00000000c2400000,0x00000000c349fda0,0x00000000c5d80000)
 Metaspace       used 54035K, capacity 56114K, committed 56576K, reserved 1097728K
  class space    used 7486K, capacity 7871K, committed 7936K, reserved 1048576K
Event: 24.174 GC heap after
Heap after GC invocations=14 (full 2):
 PSYoungGen      total 150528K, used 12778K [0x00000000eb700000, 0x00000000f6180000, 0x0000000100000000)
  eden space 137728K, 0% used [0x00000000eb700000,0x00000000eb700000,0x00000000f3d80000)
  from space 12800K, 99% used [0x00000000f4e00000,0x00000000f5a7a888,0x00000000f5a80000)
  to   space 16896K, 0% used [0x00000000f3d80000,0x00000000f3d80000,0x00000000f4e00000)
 ParOldGen       total 58880K, used 22566K [0x00000000c2400000, 0x00000000c5d80000, 0x00000000eb700000)
  object space 58880K, 38% used [0x00000000c2400000,0x00000000c3a099c8,0x00000000c5d80000)
 Metaspace       used 54035K, capacity 56114K, committed 56576K, reserved 1097728K
  class space    used 7486K, capacity 7871K, committed 7936K, reserved 1048576K
}
Event: 26.532 GC heap before
{Heap before GC invocations=15 (full 2):
 PSYoungGen      total 150528K, used 59988K [0x00000000eb700000, 0x00000000f6180000, 0x0000000100000000)
  eden space 137728K, 34% used [0x00000000eb700000,0x00000000ee51aa58,0x00000000f3d80000)
  from space 12800K, 99% used [0x00000000f4e00000,0x00000000f5a7a888,0x00000000f5a80000)
  to   space 16896K, 0% used [0x00000000f3d80000,0x00000000f3d80000,0x00000000f4e00000)
 ParOldGen       total 58880K, used 22566K [0x00000000c2400000, 0x00000000c5d80000, 0x00000000eb700000)
  object space 58880K, 38% used [0x00000000c2400000,0x00000000c3a099c8,0x00000000c5d80000)
 Metaspace       used 56541K, capacity 59000K, committed 59028K, reserved 1099776K
  class space    used 7831K, capacity 8306K, committed 8320K, reserved 1048576K
Event: 26.586 GC heap after
Heap after GC invocations=15 (full 2):
 PSYoungGen      total 154624K, used 5897K [0x00000000eb700000, 0x00000000f7880000, 0x0000000100000000)
  eden space 137728K, 0% used [0x00000000eb700000,0x00000000eb700000,0x00000000f3d80000)
  from space 16896K, 34% used [0x00000000f3d80000,0x00000000f43426b8,0x00000000f4e00000)
  to   space 16384K, 0% used [0x00000000f6880000,0x00000000f6880000,0x00000000f7880000)
 ParOldGen       total 58880K, used 27582K [0x00000000c2400000, 0x00000000c5d80000, 0x00000000eb700000)
  object space 58880K, 46% used [0x00000000c2400000,0x00000000c3eefa38,0x00000000c5d80000)
 Metaspace       used 56541K, capacity 59000K, committed 59028K, reserved 1099776K
  class space    used 7831K, capacity 8306K, committed 8320K, reserved 1048576K
}
Event: 26.586 GC heap before
{Heap before GC invocations=16 (full 3):
 PSYoungGen      total 154624K, used 5897K [0x00000000eb700000, 0x00000000f7880000, 0x0000000100000000)
  eden space 137728K, 0% used [0x00000000eb700000,0x00000000eb700000,0x00000000f3d80000)
  from space 16896K, 34% used [0x00000000f3d80000,0x00000000f43426b8,0x00000000f4e00000)
  to   space 16384K, 0% used [0x00000000f6880000,0x00000000f6880000,0x00000000f7880000)
 ParOldGen       total 58880K, used 27582K [0x00000000c2400000, 0x00000000c5d80000, 0x00000000eb700000)
  object space 58880K, 46% used [0x00000000c2400000,0x00000000c3eefa38,0x00000000c5d80000)
 Metaspace       used 56541K, capacity 59000K, committed 59028K, reserved 1099776K
  class space    used 7831K, capacity 8306K, committed 8320K, reserved 1048576K
Event: 27.142 GC heap after
Heap after GC invocations=16 (full 3):
 PSYoungGen      total 154624K, used 0K [0x00000000eb700000, 0x00000000f7880000, 0x0000000100000000)
  eden space 137728K, 0% used [0x00000000eb700000,0x00000000eb700000,0x00000000f3d80000)
  from space 16896K, 0% used [0x00000000f3d80000,0x00000000f3d80000,0x00000000f4e00000)
  to   space 16384K, 0% used [0x00000000f6880000,0x00000000f6880000,0x00000000f7880000)
 ParOldGen       total 83456K, used 23436K [0x00000000c2400000, 0x00000000c7580000, 0x00000000eb700000)
  object space 83456K, 28% used [0x00000000c2400000,0x00000000c3ae33b0,0x00000000c7580000)
 Metaspace       used 56541K, capacity 59000K, committed 59028K, reserved 1099776K
  class space    used 7831K, capacity 8306K, committed 8320K, reserved 1048576K
}

