# JRE version: Java(TM) SE Runtime Environment (8.0_181-b13) (build 1.8.0_181-b13)
# Java VM: Java HotSpot(TM) 64-Bit Server VM (25.181-b13 mixed mode windows-amd64 compressed oops)
Heap:
 PSYoungGen      total 143872K, used 45635K [0x00000000eb700000, 0x00000000f5600000, 0x0000000100000000)
  eden space 126976K, 35% used [0x00000000eb700000,0x00000000ee390e58,0x00000000f3300000)
  from space 16896K, 0% used [0x00000000f4580000,0x00000000f4580000,0x00000000f5600000)
  to   space 17920K, 0% used [0x00000000f3300000,0x00000000f3300000,0x00000000f4480000)
 ParOldGen       total 114688K, used 24266K [0x00000000c2400000, 0x00000000c9400000, 0x00000000eb700000)
  object space 114688K, 21% used [0x00000000c2400000,0x00000000c3bb2860,0x00000000c9400000)
 Metaspace       used 61784K, capacity 64344K, committed 64636K, reserved 1107968K
  class space    used 8612K, capacity 9070K, committed 9136K, reserved 1048576K
GC Heap History (10 events):
Event: 35.323 GC heap before
{Heap before GC invocations=14 (full 3):
 PSYoungGen      total 128512K, used 1158K [0x00000000eb700000, 0x00000000f4480000, 0x0000000100000000)
  eden space 120832K, 0% used [0x00000000eb700000,0x00000000eb700000,0x00000000f2d00000)
  from space 7680K, 15% used [0x00000000f2d00000,0x00000000f2e21bf0,0x00000000f3480000)
  to   space 9216K, 0% used [0x00000000f3b80000,0x00000000f3b80000,0x00000000f4480000)
 ParOldGen       total 55808K, used 17191K [0x00000000c2400000, 0x00000000c5a80000, 0x00000000eb700000)
  object space 55808K, 30% used [0x00000000c2400000,0x00000000c34c9c50,0x00000000c5a80000)
 Metaspace       used 34978K, capacity 36660K, committed 36784K, reserved 1085440K
  class space    used 4623K, capacity 4968K, committed 5040K, reserved 1048576K
Event: 35.568 GC heap after
Heap after GC invocations=14 (full 3):
 PSYoungGen      total 128512K, used 0K [0x00000000eb700000, 0x00000000f4480000, 0x0000000100000000)
  eden space 120832K, 0% used [0x00000000eb700000,0x00000000eb700000,0x00000000f2d00000)
  from space 7680K, 0% used [0x00000000f2d00000,0x00000000f2d00000,0x00000000f3480000)
  to   space 9216K, 0% used [0x00000000f3b80000,0x00000000f3b80000,0x00000000f4480000)
 ParOldGen       total 55808K, used 14259K [0x00000000c2400000, 0x00000000c5a80000, 0x00000000eb700000)
  object space 55808K, 25% used [0x00000000c2400000,0x00000000c31ecd28,0x00000000c5a80000)
 Metaspace       used 34978K, capacity 36660K, committed 36784K, reserved 1083392K
  class space    used 4623K, capacity 4968K, committed 5040K, reserved 1048576K
}
Event: 45.289 GC heap before
{Heap before GC invocations=15 (full 3):
 PSYoungGen      total 128512K, used 120832K [0x00000000eb700000, 0x00000000f4480000, 0x0000000100000000)
  eden space 120832K, 100% used [0x00000000eb700000,0x00000000f2d00000,0x00000000f2d00000)
  from space 7680K, 0% used [0x00000000f2d00000,0x00000000f2d00000,0x00000000f3480000)
  to   space 9216K, 0% used [0x00000000f3b80000,0x00000000f3b80000,0x00000000f4480000)
 ParOldGen       total 55808K, used 14259K [0x00000000c2400000, 0x00000000c5a80000, 0x00000000eb700000)
  object space 55808K, 25% used [0x00000000c2400000,0x00000000c31ecd28,0x00000000c5a80000)
 Metaspace       used 47199K, capacity 49202K, committed 49584K, reserved 1093632K
  class space    used 6388K, capacity 6763K, committed 6832K, reserved 1048576K
Event: 45.320 GC heap after
Heap after GC invocations=15 (full 3):
 PSYoungGen      total 130048K, used 9210K [0x00000000eb700000, 0x00000000f4480000, 0x0000000100000000)
  eden space 120832K, 0% used [0x00000000eb700000,0x00000000eb700000,0x00000000f2d00000)
  from space 9216K, 99% used [0x00000000f3b80000,0x00000000f447e9f0,0x00000000f4480000)
  to   space 7680K, 0% used [0x00000000f2d00000,0x00000000f2d00000,0x00000000f3480000)
 ParOldGen       total 55808K, used 19943K [0x00000000c2400000, 0x00000000c5a80000, 0x00000000eb700000)
  object space 55808K, 35% used [0x00000000c2400000,0x00000000c3779f18,0x00000000c5a80000)
 Metaspace       used 47199K, capacity 49202K, committed 49584K, reserved 1093632K
  class space    used 6388K, capacity 6763K, committed 6832K, reserved 1048576K
}
Event: 54.075 GC heap before
{Heap before GC invocations=16 (full 3):
 PSYoungGen      total 130048K, used 130042K [0x00000000eb700000, 0x00000000f4480000, 0x0000000100000000)
  eden space 120832K, 100% used [0x00000000eb700000,0x00000000f2d00000,0x00000000f2d00000)
  from space 9216K, 99% used [0x00000000f3b80000,0x00000000f447e9f0,0x00000000f4480000)
  to   space 7680K, 0% used [0x00000000f2d00000,0x00000000f2d00000,0x00000000f3480000)
 ParOldGen       total 55808K, used 19943K [0x00000000c2400000, 0x00000000c5a80000, 0x00000000eb700000)
  object space 55808K, 35% used [0x00000000c2400000,0x00000000c3779f18,0x00000000c5a80000)
 Metaspace       used 57092K, capacity 59658K, committed 59824K, reserved 1101824K
  class space    used 7910K, capacity 8349K, committed 8368K, reserved 1048576K
Event: 54.144 GC heap after
Heap after GC invocations=16 (full 3):
 PSYoungGen      total 128512K, used 7671K [0x00000000eb700000, 0x00000000f5780000, 0x0000000100000000)
  eden space 120832K, 0% used [0x00000000eb700000,0x00000000eb700000,0x00000000f2d00000)
  from space 7680K, 99% used [0x00000000f2d00000,0x00000000f347de10,0x00000000f3480000)
  to   space 18432K, 0% used [0x00000000f4580000,0x00000000f4580000,0x00000000f5780000)
 ParOldGen       total 55808K, used 29290K [0x00000000c2400000, 0x00000000c5a80000, 0x00000000eb700000)
  object space 55808K, 52% used [0x00000000c2400000,0x00000000c409aaf8,0x00000000c5a80000)
 Metaspace       used 57092K, capacity 59658K, committed 59824K, reserved 1101824K
  class space    used 7910K, capacity 8349K, committed 8368K, reserved 1048576K
}
Event: 57.057 GC heap before
{Heap before GC invocations=17 (full 3):
 PSYoungGen      total 128512K, used 29975K [0x00000000eb700000, 0x00000000f5780000, 0x0000000100000000)
  eden space 120832K, 18% used [0x00000000eb700000,0x00000000eccc8000,0x00000000f2d00000)
  from space 7680K, 99% used [0x00000000f2d00000,0x00000000f347de10,0x00000000f3480000)
  to   space 18432K, 0% used [0x00000000f4580000,0x00000000f4580000,0x00000000f5780000)
 ParOldGen       total 55808K, used 29290K [0x00000000c2400000, 0x00000000c5a80000, 0x00000000eb700000)
  object space 55808K, 52% used [0x00000000c2400000,0x00000000c409aaf8,0x00000000c5a80000)
 Metaspace       used 58639K, capacity 61158K, committed 61308K, reserved 1103872K
  class space    used 8141K, capacity 8597K, committed 8624K, reserved 1048576K
Event: 57.078 GC heap after
Heap after GC invocations=17 (full 3):
 PSYoungGen      total 143872K, used 1808K [0x00000000eb700000, 0x00000000f5600000, 0x0000000100000000)
  eden space 126976K, 0% used [0x00000000eb700000,0x00000000eb700000,0x00000000f3300000)
  from space 16896K, 10% used [0x00000000f4580000,0x00000000f4744298,0x00000000f5600000)
  to   space 17920K, 0% used [0x00000000f3300000,0x00000000f3300000,0x00000000f4480000)
 ParOldGen       total 55808K, used 32610K [0x00000000c2400000, 0x00000000c5a80000, 0x00000000eb700000)
  object space 55808K, 58% used [0x00000000c2400000,0x00000000c43d8b18,0x00000000c5a80000)
 Metaspace       used 58639K, capacity 61158K, committed 61308K, reserved 1103872K
  class space    used 8141K, capacity 8597K, committed 8624K, reserved 1048576K
}
Event: 57.078 GC heap before
{Heap before GC invocations=18 (full 4):
 PSYoungGen      total 143872K, used 1808K [0x00000000eb700000, 0x00000000f5600000, 0x0000000100000000)
  eden space 126976K, 0% used [0x00000000eb700000,0x00000000eb700000,0x00000000f3300000)
  from space 16896K, 10% used [0x00000000f4580000,0x00000000f4744298,0x00000000f5600000)
  to   space 17920K, 0% used [0x00000000f3300000,0x00000000f3300000,0x00000000f4480000)
 ParOldGen       total 55808K, used 32610K [0x00000000c2400000, 0x00000000c5a80000, 0x00000000eb700000)
  object space 55808K, 58% used [0x00000000c2400000,0x00000000c43d8b18,0x00000000c5a80000)
 Metaspace       used 58639K, capacity 61158K, committed 61308K, reserved 1103872K
  class space    used 8141K, capacity 8597K, committed 8624K, reserved 1048576K
Event: 57.361 GC heap after
Heap after GC invocations=18 (full 4):
 PSYoungGen      total 143872K, used 0K [0x00000000eb700000, 0x00000000f5600000, 0x0000000100000000)
  eden space 126976K, 0% used [0x00000000eb700000,0x00000000eb700000,0x00000000f3300000)
  from space 16896K, 0% used [0x00000000f4580000,0x00000000f4580000,0x00000000f5600000)
  to   space 17920K, 0% used [0x00000000f3300000,0x00000000f3300000,0x00000000f4480000)
 ParOldGen       total 114688K, used 24266K [0x00000000c2400000, 0x00000000c9400000, 0x00000000eb700000)
  object space 114688K, 21% used [0x00000000c2400000,0x00000000c3bb2860,0x00000000c9400000)
 Metaspace       used 58639K, capacity 61158K, committed 61308K, reserved 1103872K
  class space    used 8141K, capacity 8597K, committed 8624K, reserved 1048576K
}

