# JRE version: Java(TM) SE Runtime Environment (8.0_181-b13) (build 1.8.0_181-b13)
# Java VM: Java HotSpot(TM) 64-Bit Server VM (25.181-b13 mixed mode windows-amd64 compressed oops)
Heap:
 PSYoungGen      total 187904K, used 47898K [0x00000000eb700000, 0x00000000f9580000, 0x0000000100000000)
  eden space 172544K, 20% used [0x00000000eb700000,0x00000000ed920c68,0x00000000f5f80000)
  from space 15360K, 84% used [0x00000000f5f80000,0x00000000f6c25ec0,0x00000000f6e80000)
  to   space 16896K, 0% used [0x00000000f8500000,0x00000000f8500000,0x00000000f9580000)
 ParOldGen       total 77824K, used 23343K [0x00000000c2400000, 0x00000000c7000000, 0x00000000eb700000)
  object space 77824K, 29% used [0x00000000c2400000,0x00000000c3acbce0,0x00000000c7000000)
 Metaspace       used 67547K, capacity 70652K, committed 70960K, reserved 1110016K
  class space    used 9425K, capacity 9960K, committed 10032K, reserved 1048576K
GC Heap History (10 events):
Event: 31.286 GC heap before
{Heap before GC invocations=16 (full 2):
 PSYoungGen      total 120320K, used 111104K [0x00000000eb700000, 0x00000000f5500000, 0x0000000100000000)
  eden space 111104K, 100% used [0x00000000eb700000,0x00000000f2380000,0x00000000f2380000)
  from space 9216K, 0% used [0x00000000f2380000,0x00000000f2380000,0x00000000f2c80000)
  to   space 9216K, 0% used [0x00000000f4c00000,0x00000000f4c00000,0x00000000f5500000)
 ParOldGen       total 52736K, used 14207K [0x00000000c2400000, 0x00000000c5780000, 0x00000000eb700000)
  object space 52736K, 26% used [0x00000000c2400000,0x00000000c31dfc60,0x00000000c5780000)
 Metaspace       used 41017K, capacity 42968K, committed 43184K, reserved 1087488K
  class space    used 5319K, capacity 5692K, committed 5808K, reserved 1048576K
Event: 31.317 GC heap after
Heap after GC invocations=16 (full 2):
 PSYoungGen      total 148480K, used 9200K [0x00000000eb700000, 0x00000000f5500000, 0x0000000100000000)
  eden space 139264K, 0% used [0x00000000eb700000,0x00000000eb700000,0x00000000f3f00000)
  from space 9216K, 99% used [0x00000000f4c00000,0x00000000f54fc148,0x00000000f5500000)
  to   space 10752K, 0% used [0x00000000f4000000,0x00000000f4000000,0x00000000f4a80000)
 ParOldGen       total 52736K, used 14520K [0x00000000c2400000, 0x00000000c5780000, 0x00000000eb700000)
  object space 52736K, 27% used [0x00000000c2400000,0x00000000c322e0b8,0x00000000c5780000)
 Metaspace       used 41017K, capacity 42968K, committed 43184K, reserved 1087488K
  class space    used 5319K, capacity 5692K, committed 5808K, reserved 1048576K
}
Event: 40.788 GC heap before
{Heap before GC invocations=17 (full 2):
 PSYoungGen      total 148480K, used 148464K [0x00000000eb700000, 0x00000000f5500000, 0x0000000100000000)
  eden space 139264K, 100% used [0x00000000eb700000,0x00000000f3f00000,0x00000000f3f00000)
  from space 9216K, 99% used [0x00000000f4c00000,0x00000000f54fc148,0x00000000f5500000)
  to   space 10752K, 0% used [0x00000000f4000000,0x00000000f4000000,0x00000000f4a80000)
 ParOldGen       total 52736K, used 14520K [0x00000000c2400000, 0x00000000c5780000, 0x00000000eb700000)
  object space 52736K, 27% used [0x00000000c2400000,0x00000000c322e0b8,0x00000000c5780000)
 Metaspace       used 54411K, capacity 56534K, committed 56880K, reserved 1097728K
  class space    used 7543K, capacity 7941K, committed 7984K, reserved 1048576K
Event: 40.864 GC heap after
Heap after GC invocations=17 (full 2):
 PSYoungGen      total 151040K, used 10735K [0x00000000eb700000, 0x00000000f7d80000, 0x0000000100000000)
  eden space 140288K, 0% used [0x00000000eb700000,0x00000000eb700000,0x00000000f4000000)
  from space 10752K, 99% used [0x00000000f4000000,0x00000000f4a7be20,0x00000000f4a80000)
  to   space 15360K, 0% used [0x00000000f6e80000,0x00000000f6e80000,0x00000000f7d80000)
 ParOldGen       total 52736K, used 23387K [0x00000000c2400000, 0x00000000c5780000, 0x00000000eb700000)
  object space 52736K, 44% used [0x00000000c2400000,0x00000000c3ad6f40,0x00000000c5780000)
 Metaspace       used 54411K, capacity 56534K, committed 56880K, reserved 1097728K
  class space    used 7543K, capacity 7941K, committed 7984K, reserved 1048576K
}
Event: 42.171 GC heap before
{Heap before GC invocations=18 (full 2):
 PSYoungGen      total 151040K, used 39088K [0x00000000eb700000, 0x00000000f7d80000, 0x0000000100000000)
  eden space 140288K, 20% used [0x00000000eb700000,0x00000000ed2b0550,0x00000000f4000000)
  from space 10752K, 99% used [0x00000000f4000000,0x00000000f4a7be20,0x00000000f4a80000)
  to   space 15360K, 0% used [0x00000000f6e80000,0x00000000f6e80000,0x00000000f7d80000)
 ParOldGen       total 52736K, used 23387K [0x00000000c2400000, 0x00000000c5780000, 0x00000000eb700000)
  object space 52736K, 44% used [0x00000000c2400000,0x00000000c3ad6f40,0x00000000c5780000)
 Metaspace       used 56631K, capacity 59066K, committed 59160K, reserved 1099776K
  class space    used 7856K, capacity 8305K, committed 8368K, reserved 1048576K
Event: 42.215 GC heap after
Heap after GC invocations=18 (full 2):
 PSYoungGen      total 187904K, used 2632K [0x00000000eb700000, 0x00000000f8700000, 0x0000000100000000)
  eden space 172544K, 0% used [0x00000000eb700000,0x00000000eb700000,0x00000000f5f80000)
  from space 15360K, 17% used [0x00000000f6e80000,0x00000000f71120c0,0x00000000f7d80000)
  to   space 15360K, 0% used [0x00000000f5f80000,0x00000000f5f80000,0x00000000f6e80000)
 ParOldGen       total 52736K, used 26563K [0x00000000c2400000, 0x00000000c5780000, 0x00000000eb700000)
  object space 52736K, 50% used [0x00000000c2400000,0x00000000c3df0fa0,0x00000000c5780000)
 Metaspace       used 56631K, capacity 59066K, committed 59160K, reserved 1099776K
  class space    used 7856K, capacity 8305K, committed 8368K, reserved 1048576K
}
Event: 42.215 GC heap before
{Heap before GC invocations=19 (full 3):
 PSYoungGen      total 187904K, used 2632K [0x00000000eb700000, 0x00000000f8700000, 0x0000000100000000)
  eden space 172544K, 0% used [0x00000000eb700000,0x00000000eb700000,0x00000000f5f80000)
  from space 15360K, 17% used [0x00000000f6e80000,0x00000000f71120c0,0x00000000f7d80000)
  to   space 15360K, 0% used [0x00000000f5f80000,0x00000000f5f80000,0x00000000f6e80000)
 ParOldGen       total 52736K, used 26563K [0x00000000c2400000, 0x00000000c5780000, 0x00000000eb700000)
  object space 52736K, 50% used [0x00000000c2400000,0x00000000c3df0fa0,0x00000000c5780000)
 Metaspace       used 56631K, capacity 59066K, committed 59160K, reserved 1099776K
  class space    used 7856K, capacity 8305K, committed 8368K, reserved 1048576K
Event: 43.088 GC heap after
Heap after GC invocations=19 (full 3):
 PSYoungGen      total 187904K, used 0K [0x00000000eb700000, 0x00000000f8700000, 0x0000000100000000)
  eden space 172544K, 0% used [0x00000000eb700000,0x00000000eb700000,0x00000000f5f80000)
  from space 15360K, 0% used [0x00000000f6e80000,0x00000000f6e80000,0x00000000f7d80000)
  to   space 15360K, 0% used [0x00000000f5f80000,0x00000000f5f80000,0x00000000f6e80000)
 ParOldGen       total 77824K, used 23335K [0x00000000c2400000, 0x00000000c7000000, 0x00000000eb700000)
  object space 77824K, 29% used [0x00000000c2400000,0x00000000c3ac9ce0,0x00000000c7000000)
 Metaspace       used 56631K, capacity 59066K, committed 59160K, reserved 1099776K
  class space    used 7856K, capacity 8305K, committed 8368K, reserved 1048576K
}
Event: 80.688 GC heap before
{Heap before GC invocations=20 (full 3):
 PSYoungGen      total 187904K, used 172544K [0x00000000eb700000, 0x00000000f8700000, 0x0000000100000000)
  eden space 172544K, 100% used [0x00000000eb700000,0x00000000f5f80000,0x00000000f5f80000)
  from space 15360K, 0% used [0x00000000f6e80000,0x00000000f6e80000,0x00000000f7d80000)
  to   space 15360K, 0% used [0x00000000f5f80000,0x00000000f5f80000,0x00000000f6e80000)
 ParOldGen       total 77824K, used 23335K [0x00000000c2400000, 0x00000000c7000000, 0x00000000eb700000)
  object space 77824K, 29% used [0x00000000c2400000,0x00000000c3ac9ce0,0x00000000c7000000)
 Metaspace       used 65910K, capacity 68928K, committed 69168K, reserved 1107968K
  class space    used 9221K, capacity 9744K, committed 9776K, reserved 1048576K
Event: 80.735 GC heap after
Heap after GC invocations=20 (full 3):
 PSYoungGen      total 187904K, used 12951K [0x00000000eb700000, 0x00000000f9580000, 0x0000000100000000)
  eden space 172544K, 0% used [0x00000000eb700000,0x00000000eb700000,0x00000000f5f80000)
  from space 15360K, 84% used [0x00000000f5f80000,0x00000000f6c25ec0,0x00000000f6e80000)
  to   space 16896K, 0% used [0x00000000f8500000,0x00000000f8500000,0x00000000f9580000)
 ParOldGen       total 77824K, used 23343K [0x00000000c2400000, 0x00000000c7000000, 0x00000000eb700000)
  object space 77824K, 29% used [0x00000000c2400000,0x00000000c3acbce0,0x00000000c7000000)
 Metaspace       used 65910K, capacity 68928K, committed 69168K, reserved 1107968K
  class space    used 9221K, capacity 9744K, committed 9776K, reserved 1048576K
}

